<?xml version="1.0" encoding="UTF-8"?>
<!-- Generated by org.testng.reporters.JUnitXMLReporter -->
<testsuite hostname="LAPTOP-O182S98G" ignored="0" name="Default test" tests="2" failures="0" timestamp="30 May 2020 22:48:10 GMT" time="0.903" errors="0">
  <testcase name="loginTest" time="0.03" classname="com.newMavenProject.SuiteA.LoginTest"/>
  <testcase name="loginTest" time="0.002" classname="com.newMavenProject.SuiteA.LoginTest">
    <skipped/>
  </testcase> <!-- loginTest -->
</testsuite> <!-- Default test -->
