<?xml version="1.0" encoding="UTF-8"?>
<testng-results skipped="0" failed="0" ignored="0" total="1" passed="1">
  <reporter-output>
  </reporter-output>
  <suite name="Default suite" duration-ms="5481" started-at="2020-05-26T19:43:49Z" finished-at="2020-05-26T19:43:54Z">
    <groups>
    </groups>
    <test name="Default test" duration-ms="5481" started-at="2020-05-26T19:43:49Z" finished-at="2020-05-26T19:43:54Z">
      <class name="com.newMavenProject.SuiteA.TC_001">
        <test-method status="PASS" signature="startProcess()[pri:0, instance:com.newMavenProject.SuiteA.TC_001@3bfdc050]" name="startProcess" is-config="true" duration-ms="5423" started-at="2020-05-26T19:43:49Z" finished-at="2020-05-26T19:43:54Z">
          <reporter-output>
          </reporter-output>
        </test-method> <!-- startProcess -->
        <test-method status="PASS" signature="f()[pri:0, instance:com.newMavenProject.SuiteA.TC_001@3bfdc050]" name="f" duration-ms="9" started-at="2020-05-26T19:43:54Z" finished-at="2020-05-26T19:43:54Z">
          <reporter-output>
          </reporter-output>
        </test-method> <!-- f -->
        <test-method status="PASS" signature="endProcess()[pri:0, instance:com.newMavenProject.SuiteA.TC_001@3bfdc050]" name="endProcess" is-config="true" duration-ms="1" started-at="2020-05-26T19:43:54Z" finished-at="2020-05-26T19:43:54Z">
          <reporter-output>
          </reporter-output>
        </test-method> <!-- endProcess -->
      </class> <!-- com.newMavenProject.SuiteA.TC_001 -->
    </test> <!-- Default test -->
  </suite> <!-- Default suite -->
</testng-results>
